0 info it worked if it ends with ok
1 verbose cli [ 'C:\\Program Files\\nodejs\\node.exe',
1 verbose cli   'C:\\Program Files\\nodejs\\node_modules\\npm\\bin\\npm-cli.js',
1 verbose cli   'run',
1 verbose cli   'build' ]
2 info using npm@2.15.5
3 info using node@v4.4.5
4 verbose run-script [ 'prebuild', 'build', 'postbuild' ]
5 info prebuild ppongs@1.0.0
6 verbose unsafe-perm in lifecycle true
7 info build ppongs@1.0.0
8 verbose unsafe-perm in lifecycle true
9 info postbuild ppongs@1.0.0
10 verbose unsafe-perm in lifecycle true
11 info ppongs@1.0.0 Failed to exec postbuild script
12 verbose stack Error: ppongs@1.0.0 postbuild: `babel-node tools/distServer.js`
12 verbose stack Exit status 1
12 verbose stack     at EventEmitter.<anonymous> (C:\Program Files\nodejs\node_modules\npm\lib\utils\lifecycle.js:217:16)
12 verbose stack     at emitTwo (events.js:87:13)
12 verbose stack     at EventEmitter.emit (events.js:172:7)
12 verbose stack     at ChildProcess.<anonymous> (C:\Program Files\nodejs\node_modules\npm\lib\utils\spawn.js:24:14)
12 verbose stack     at emitTwo (events.js:87:13)
12 verbose stack     at ChildProcess.emit (events.js:172:7)
12 verbose stack     at maybeClose (internal/child_process.js:827:16)
12 verbose stack     at Process.ChildProcess._handle.onexit (internal/child_process.js:211:5)
13 verbose pkgid ppongs@1.0.0
14 verbose cwd C:\Users\rmichalec\Documents\GitHub\ppongs\reactredux
15 error Windows_NT 10.0.10586
16 error argv "C:\\Program Files\\nodejs\\node.exe" "C:\\Program Files\\nodejs\\node_modules\\npm\\bin\\npm-cli.js" "run" "build"
17 error node v4.4.5
18 error npm  v2.15.5
19 error code ELIFECYCLE
20 error ppongs@1.0.0 postbuild: `babel-node tools/distServer.js`
20 error Exit status 1
21 error Failed at the ppongs@1.0.0 postbuild script 'babel-node tools/distServer.js'.
21 error This is most likely a problem with the ppongs package,
21 error not with npm itself.
21 error Tell the author that this fails on your system:
21 error     babel-node tools/distServer.js
21 error You can get information on how to open an issue for this project with:
21 error     npm bugs ppongs
21 error Or if that isn't available, you can get their info via:
21 error
21 error     npm owner ls ppongs
21 error There is likely additional logging output above.
22 verbose exit [ 1, true ]
